22:57:15 prep N=8
22:59:00 prep N=15
23:05:51 prep N=22
23:30:39 prep N=8
23:30:41 prep N=15
23:30:43 prep N=22
23:30:45 prep N=30
23:42:22 PREP FAIL N=30: ces/Promoted_a762bed2abfc.lean
  dependents may now `import RH.Equivalences.Promoted_a762bed2abfc` and use `prove_Claim_a762bed2abfc`
eps ready: zprep30-eps-n30 (q = 339/50000000)
proposed [00c5d6d9ea13] zprep30-coeff-n30-m1o2 (from certificate)
Error: certificate claim REJECTED: timeout after 600s

23:56:41 prep N=8
23:57:44 prep N=15
23:59:20 prep N=22
00:01:43 prep N=30
00:01:45 prep N=38
00:11:35 === block 0: 2 chain groups, 5 columns, 32 cells ===
00:11:35 CHAINS FAIL zcb0k3: error: unexpected argument '-1' found

Usage: rh certify-eta-grid-chains [OPTIONS] --n-lo <N_LO> --n-hi <N_HI> --t0-num <T0_NUM> --t0-den <T0_DEN> --delta-num <DELTA_NUM> --delta-den <DELTA_DEN> --rows <ROWS> --slug-prefix <SLUG_PREFIX>

For more information, try '--help'.

00:11:35 CHAINS FAIL zcb0k2: error: unexpected argument '-1' found

Usage: rh certify-eta-grid-chains [OPTIONS] --n-lo <N_LO> --n-hi <N_HI> --t0-num <T0_NUM> --t0-den <T0_DEN> --delta-num <DELTA_NUM> --delta-den <DELTA_DEN> --rows <ROWS> --slug-prefix <SLUG_PREFIX>

For more information, try '--help'.

00:11:35 block 0: chains failed — skipping block
00:11:35 === block 1: 2 chain groups, 5 columns, 32 cells ===
00:11:59 prep N=8
00:12:02 prep N=15
00:12:05 prep N=22
00:12:07 prep N=30
00:12:09 prep N=38
00:12:11 === block 0: 2 chain groups, 5 columns, 32 cells ===
00:17:15 CHAINS FAIL zcb0k3: endents may now `import RH.Equivalences.Promoted_f8c161900ce6` and use `prove_Claim_f8c161900ce6`
proposed [03b2e9f29057] zcb0k3-u4-c8 (from certificate)
GRID U-CHAIN KERNEL-CHECKED [03b2e9f29057] zcb0k3-u4-c8 (cert c336459aa9e1)
  n = 4, rows 0..8
  checker: rust-exact-chain + lean-kernel(norm_num)
Error: promotion build failed (rolled back): tool failure: lake build failed: error: build failed


00:27:25 block 0: chains failed — skipping block
00:27:25 === block 1: 2 chain groups, 5 columns, 32 cells ===
00:30:06 CHAINS FAIL zcb1k3: om certificate)
CPOW CERTIFICATE KERNEL-CHECKED [16214d916028] zcb1k3-b-n3 (cert 657956afa10c)
  3^(-(0/1+15/32i))  ≈ 1/1 · (43515263/50000000 − 12312817/25000000·i)  radius 1/1562500
  checker: rust-reference(f64 guess, kernels verify) + lean-kernel(instantiation+norm_num) + rocq-kernel(vm_compute)
Error: promotion build failed (rolled back): tool failure: lake build failed: error: build failed


00:31:38 prep N=8
00:31:41 prep N=15
00:31:43 prep N=22
00:31:45 prep N=30
00:31:47 prep N=38
00:31:50 prewarm coeff N=8 m=4/8
00:31:52 prewarm coeff N=8 m=5/8
00:33:03 prewarm coeff N=8 m=6/8
00:33:58 prewarm coeff N=8 m=7/8
00:34:46 prewarm coeff N=15 m=7/8
00:36:13 prewarm coeff N=15 m=4/8
00:36:15 prewarm coeff N=15 m=5/8
00:37:40 prewarm coeff N=15 m=6/8
00:39:02 prewarm coeff N=22 m=6/8
00:41:17 prewarm coeff N=22 m=7/8
00:43:32 prewarm coeff N=22 m=5/8
00:45:48 prewarm coeff N=30 m=7/8
00:49:19 prewarm coeff N=22 m=4/8
00:49:22 prewarm coeff N=30 m=4/8
00:49:24 prewarm coeff N=30 m=5/8
00:52:54 prewarm coeff N=38 m=4/8
00:52:56 === block 0: 2 chain groups, 5 columns, 32 cells ===
00:55:05 COLUMN FAIL zc-b0-c3: cell j=1: |W|≈0.6703 ar≈0.00121 lip≈0.32528 E≈0.00114 margin≈0.3427
proposed [6bd5cddc202f] zc-b0-c3-cell-j1 (from certificate)
Error: certificate claim REJECTED: ill-typed

00:55:21 COLUMN FAIL zc-b0-c2: cell j=1: |W|≈0.6492 ar≈0.00121 lip≈0.29727 E≈0.00085 margin≈0.3499
proposed [76f87ad23a01] zc-b0-c2-cell-j1 (from certificate)
Error: certificate claim REJECTED: ill-typed

00:55:22 COLUMN FAIL zc-b0-c1: cell j=1: |W|≈0.6298 ar≈0.00121 lip≈0.31913 E≈0.00063 margin≈0.3088
proposed [456208f245e6] zc-b0-c1-cell-j1 (from certificate)
Error: certificate claim REJECTED: ill-typed

00:55:23 COLUMN FAIL zc-b0-c0: cell j=1: |W|≈0.6128 ar≈0.00121 lip≈0.28658 E≈0.00048 margin≈0.3245
proposed [67fbd21614be] zc-b0-c0-cell-j1 (from certificate)
Error: certificate claim REJECTED: ill-typed

00:56:02 COLUMN FAIL zc-b0-c4: cell j=1: |W|≈0.6871 ar≈0.00121 lip≈0.22288 E≈0.00135 margin≈0.4617
proposed [c2ef25bd5f36] zc-b0-c4-cell-j1 (from certificate)
Error: certificate claim REJECTED: ill-typed

00:56:02 block 0: promoting 0 cells
00:56:02 block 0 done
00:56:02 === block 1: 2 chain groups, 5 columns, 32 cells ===
